<?xml version="1.0" encoding="UTF-8"?>
<!-- Generated by org.testng.reporters.JUnitXMLReporter -->
<testsuite hostname="LAPTOP-G0UQGSFP" ignored="0" name="Surefire test" tests="2" failures="0" timestamp="2025-04-19T20:11:48 IST" time="55.247" errors="0">
  <testcase name="runScenario" time="32.686" classname="io.cucumber.testng.AbstractTestNGCucumberTests"/>
  <testcase name="runScenario" time="20.383" classname="io.cucumber.testng.AbstractTestNGCucumberTests"/>
</testsuite> <!-- Surefire test -->
