<?xml version="1.0" encoding="UTF-8"?>
<!-- Generated by org.testng.reporters.JUnitXMLReporter -->
<testsuite hostname="LAPTOP-G0UQGSFP" ignored="0" name="Surefire test" tests="1" failures="1" timestamp="2025-04-16T09:40:18 IST" time="7.406" errors="0">
  <testcase name="runScenario" time="6.372" classname="io.cucumber.testng.AbstractTestNGCucumberTests">
    <failure type="java.lang.AssertionError" message="expected [true] but found [false]">
      <![CDATA[java.lang.AssertionError: expected [true] but found [false]
at Happy_Path_Patient_Web_and_MR.stepDefinitions.BestBuySteps.i_should_select_country(BestBuySteps.java:32)
at ✽.I should "&COUNTRY NAME&" select Country(file:///E:/ShareWebCopy_Guvi_BestBuy/src/test/resources/features/BestBuyPurchase/1_GUVI_BestBuyPurchase.feature:6)
... Removed 4 stack frames]]>
    </failure>
  </testcase> <!-- runScenario -->
</testsuite> <!-- Surefire test -->
