-------------------------------------------------------------------------------
Test set: Happy_Path_Patient_Web_and_MR.cukes.DemoWebBestBuy
-------------------------------------------------------------------------------
Tests run: 1, Failures: 1, Errors: 0, Skipped: 0, Time elapsed: 7.819 sec <<< FAILURE! - in Happy_Path_Patient_Web_and_MR.cukes.DemoWebBestBuy
runScenario(Happy_Path_Patient_Web_and_MR.cukes.DemoWebBestBuy)  Time elapsed: 6.387 sec  <<< FAILURE!
java.lang.AssertionError: expected [true] but found [false]

