-------------------------------------------------------------------------------
Test set: Happy_Path_Patient_Web_and_MR.cukes.DemoWebBestBuy
-------------------------------------------------------------------------------
Tests run: 28, Failures: 27, Errors: 0, Skipped: 0, Time elapsed: 34.127 sec <<< FAILURE! - in Happy_Path_Patient_Web_and_MR.cukes.DemoWebBestBuy
runScenario(Happy_Path_Patient_Web_and_MR.cukes.DemoWebBestBuy)  Time elapsed: 0.725 sec  <<< FAILURE!
java.lang.AssertionError: expected [true] but found [false]

runScenario(Happy_Path_Patient_Web_and_MR.cukes.DemoWebBestBuy)  Time elapsed: 0.176 sec  <<< FAILURE!
java.lang.AssertionError: expected [true] but found [false]

runScenario(Happy_Path_Patient_Web_and_MR.cukes.DemoWebBestBuy)  Time elapsed: 0.172 sec  <<< FAILURE!
java.lang.AssertionError: expected [true] but found [false]

runScenario(Happy_Path_Patient_Web_and_MR.cukes.DemoWebBestBuy)  Time elapsed: 0.157 sec  <<< FAILURE!
java.lang.AssertionError: expected [true] but found [false]

runScenario(Happy_Path_Patient_Web_and_MR.cukes.DemoWebBestBuy)  Time elapsed: 0.175 sec  <<< FAILURE!
java.lang.AssertionError: expected [true] but found [false]

runScenario(Happy_Path_Patient_Web_and_MR.cukes.DemoWebBestBuy)  Time elapsed: 0.123 sec  <<< FAILURE!
java.lang.AssertionError: expected [true] but found [false]

runScenario(Happy_Path_Patient_Web_and_MR.cukes.DemoWebBestBuy)  Time elapsed: 0.186 sec  <<< FAILURE!
java.lang.AssertionError: expected [true] but found [false]

runScenario(Happy_Path_Patient_Web_and_MR.cukes.DemoWebBestBuy)  Time elapsed: 0.164 sec  <<< FAILURE!
java.lang.AssertionError: expected [true] but found [false]

runScenario(Happy_Path_Patient_Web_and_MR.cukes.DemoWebBestBuy)  Time elapsed: 0.245 sec  <<< FAILURE!
java.lang.AssertionError: expected [true] but found [false]

runScenario(Happy_Path_Patient_Web_and_MR.cukes.DemoWebBestBuy)  Time elapsed: 0.11 sec  <<< FAILURE!
java.lang.AssertionError: expected [true] but found [false]

runScenario(Happy_Path_Patient_Web_and_MR.cukes.DemoWebBestBuy)  Time elapsed: 0.095 sec  <<< FAILURE!
java.lang.AssertionError: expected [true] but found [false]

runScenario(Happy_Path_Patient_Web_and_MR.cukes.DemoWebBestBuy)  Time elapsed: 0.098 sec  <<< FAILURE!
java.lang.AssertionError: expected [true] but found [false]

runScenario(Happy_Path_Patient_Web_and_MR.cukes.DemoWebBestBuy)  Time elapsed: 0.109 sec  <<< FAILURE!
java.lang.AssertionError: expected [true] but found [false]

runScenario(Happy_Path_Patient_Web_and_MR.cukes.DemoWebBestBuy)  Time elapsed: 0.1 sec  <<< FAILURE!
java.lang.AssertionError: expected [true] but found [false]

runScenario(Happy_Path_Patient_Web_and_MR.cukes.DemoWebBestBuy)  Time elapsed: 0.073 sec  <<< FAILURE!
java.lang.AssertionError: expected [true] but found [false]

runScenario(Happy_Path_Patient_Web_and_MR.cukes.DemoWebBestBuy)  Time elapsed: 0.082 sec  <<< FAILURE!
java.lang.AssertionError: expected [true] but found [false]

runScenario(Happy_Path_Patient_Web_and_MR.cukes.DemoWebBestBuy)  Time elapsed: 0.2 sec  <<< FAILURE!
java.lang.AssertionError: expected [true] but found [false]

runScenario(Happy_Path_Patient_Web_and_MR.cukes.DemoWebBestBuy)  Time elapsed: 0.122 sec  <<< FAILURE!
java.lang.AssertionError: expected [true] but found [false]

runScenario(Happy_Path_Patient_Web_and_MR.cukes.DemoWebBestBuy)  Time elapsed: 0.08 sec  <<< FAILURE!
java.lang.AssertionError: expected [true] but found [false]

runScenario(Happy_Path_Patient_Web_and_MR.cukes.DemoWebBestBuy)  Time elapsed: 0.074 sec  <<< FAILURE!
java.lang.AssertionError: expected [true] but found [false]

runScenario(Happy_Path_Patient_Web_and_MR.cukes.DemoWebBestBuy)  Time elapsed: 0.105 sec  <<< FAILURE!
java.lang.AssertionError: expected [true] but found [false]

runScenario(Happy_Path_Patient_Web_and_MR.cukes.DemoWebBestBuy)  Time elapsed: 0.095 sec  <<< FAILURE!
java.lang.AssertionError: expected [true] but found [false]

runScenario(Happy_Path_Patient_Web_and_MR.cukes.DemoWebBestBuy)  Time elapsed: 0.126 sec  <<< FAILURE!
java.lang.AssertionError: expected [true] but found [false]

runScenario(Happy_Path_Patient_Web_and_MR.cukes.DemoWebBestBuy)  Time elapsed: 0.061 sec  <<< FAILURE!
java.lang.AssertionError: expected [true] but found [false]

runScenario(Happy_Path_Patient_Web_and_MR.cukes.DemoWebBestBuy)  Time elapsed: 0.159 sec  <<< FAILURE!
java.lang.AssertionError: expected [true] but found [false]

runScenario(Happy_Path_Patient_Web_and_MR.cukes.DemoWebBestBuy)  Time elapsed: 0.105 sec  <<< FAILURE!
java.lang.AssertionError: expected [true] but found [false]

runScenario(Happy_Path_Patient_Web_and_MR.cukes.DemoWebBestBuy)  Time elapsed: 0.162 sec  <<< FAILURE!
java.lang.AssertionError: expected [true] but found [false]

