<?xml version="1.0" encoding="UTF-8"?>
<testng-results skipped="0" failed="0" ignored="0" total="2" passed="2">
  <reporter-output>
  </reporter-output>
  <suite name="Surefire suite" duration-ms="55247" started-at="2025-04-19T20:10:53 IST" finished-at="2025-04-19T20:11:48 IST">
    <groups>
      <group name="cucumber">
        <method signature="AbstractTestNGCucumberTests.runScenario(io.cucumber.testng.PickleWrapper,io.cucumber.testng.FeatureWrapper)[pri:0, instance:Happy_Path_Patient_Web_and_MR.cukes.DemoWebBestBuy@1a3869f4]" name="runScenario" class="io.cucumber.testng.AbstractTestNGCucumberTests"/>
      </group> <!-- cucumber -->
    </groups>
    <test name="Surefire test" duration-ms="55247" started-at="2025-04-19T20:10:53 IST" finished-at="2025-04-19T20:11:48 IST">
      <class name="Happy_Path_Patient_Web_and_MR.cukes.DemoWebBestBuy">
        <test-method status="PASS" signature="setUpClass()[pri:0, instance:Happy_Path_Patient_Web_and_MR.cukes.DemoWebBestBuy@1a3869f4]" name="setUpClass" is-config="true" duration-ms="721" started-at="2025-04-19T20:10:53 IST" finished-at="2025-04-19T20:10:54 IST">
          <reporter-output>
          </reporter-output>
        </test-method> <!-- setUpClass -->
        <test-method status="PASS" signature="runScenario(io.cucumber.testng.PickleWrapper,io.cucumber.testng.FeatureWrapper)[pri:0, instance:Happy_Path_Patient_Web_and_MR.cukes.DemoWebBestBuy@1a3869f4]" name="runScenario" duration-ms="32686" started-at="2025-04-19T20:10:54 IST" description="Runs Cucumber Scenarios" data-provider="scenarios" finished-at="2025-04-19T20:11:26 IST">
          <params>
            <param index="0">
              <value>
                <![CDATA["Launch BestBuy Website, Select a Country and Validate URL is valid"]]>
              </value>
            </param>
            <param index="1">
              <value>
                <![CDATA["Optional[BestBuy Purchase]"]]>
              </value>
            </param>
          </params>
          <reporter-output>
          </reporter-output>
        </test-method> <!-- runScenario -->
        <test-method status="PASS" signature="runScenario(io.cucumber.testng.PickleWrapper,io.cucumber.testng.FeatureWrapper)[pri:0, instance:Happy_Path_Patient_Web_and_MR.cukes.DemoWebBestBuy@1a3869f4]" name="runScenario" duration-ms="20383" started-at="2025-04-19T20:11:26 IST" description="Runs Cucumber Scenarios" data-provider="scenarios" finished-at="2025-04-19T20:11:47 IST">
          <params>
            <param index="0">
              <value>
                <![CDATA["Search a Wrong Product from search bar and verify message"]]>
              </value>
            </param>
            <param index="1">
              <value>
                <![CDATA["Optional[BestBuy Purchase]"]]>
              </value>
            </param>
          </params>
          <reporter-output>
          </reporter-output>
        </test-method> <!-- runScenario -->
        <test-method status="PASS" signature="teardown()[pri:0, instance:Happy_Path_Patient_Web_and_MR.cukes.DemoWebBestBuy@1a3869f4]" name="teardown" is-config="true" duration-ms="0" started-at="2025-04-19T20:11:47 IST" finished-at="2025-04-19T20:11:47 IST">
          <reporter-output>
          </reporter-output>
        </test-method> <!-- teardown -->
        <test-method status="PASS" signature="tearDownClass()[pri:0, instance:Happy_Path_Patient_Web_and_MR.cukes.DemoWebBestBuy@1a3869f4]" name="tearDownClass" is-config="true" duration-ms="1424" started-at="2025-04-19T20:11:47 IST" finished-at="2025-04-19T20:11:48 IST">
          <reporter-output>
          </reporter-output>
        </test-method> <!-- tearDownClass -->
      </class> <!-- Happy_Path_Patient_Web_and_MR.cukes.DemoWebBestBuy -->
    </test> <!-- Surefire test -->
  </suite> <!-- Surefire suite -->
</testng-results>
