<?xml version="1.0" encoding="UTF-8"?>
<!-- Generated by org.testng.reporters.JUnitReportReporter -->
<testsuite skipped="0" hostname="LAPTOP-G0UQGSFP" name="Happy_Path_Patient_Web_and_MR.cukes.DemoWebBestBuy" tests="1" failures="1" timestamp="2025-04-16T09:40:18 IST" time="6.372" errors="0">
  <testcase name="runScenario" time="6.372" classname="Happy_Path_Patient_Web_and_MR.cukes.DemoWebBestBuy">
    <failure type="java.lang.AssertionError" message="expected [true] but found [false]">
      <![CDATA[java.lang.AssertionError: expected [true] but found [false]
at org.testng.Assert.fail(Assert.java:99)
at org.testng.Assert.failNotEquals(Assert.java:1037)
at org.testng.Assert.assertTrue(Assert.java:45)
at org.testng.Assert.assertTrue(Assert.java:55)
at Happy_Path_Patient_Web_and_MR.stepDefinitions.BestBuySteps.i_should_select_country(BestBuySteps.java:32)
at ✽.I should "&COUNTRY NAME&" select Country(file:///E:/ShareWebCopy_Guvi_BestBuy/src/test/resources/features/BestBuyPurchase/1_GUVI_BestBuyPurchase.feature:6)
]]>
    </failure>
  </testcase> <!-- runScenario -->
  <system-out/>
</testsuite> <!-- Happy_Path_Patient_Web_and_MR.cukes.DemoWebBestBuy -->
